

Начало работы программы
Ввод 1 координаты 1 поля
Введено не положительное число: -1
Введено число больше 8: 89
Введено не положительное число: 0
Введено не число
Ввод 2 координаты 1 поля
Введено не положительное число: -8
Введено число больше 8: 90
Введено не целое число: 8.4
Ввод номера фигуры
Фигура на первом поле: Ферзь
Ввод 1 координаты 2 поля
Введено число больше 8: 50
Ввод 2 координаты 2 поля
Введено не число
Координаты  первого поля:(1;8)
Координаты  второго поля:(5;6)
Цвета полей 1 и 2 совпадают
Ферзь на поле 1 не угрожает полю 2
Ферзь сможет попасть на поле 2 через поле с координатами: 1, 6
Завершение работы программы

Начало работы программы
Ввод 1 координаты 1 поля
Ввод 2 координаты 1 поля
Ввод номера фигуры
Введено не положительное число: -1
Введено не число
Фигура на первом поле: Ладья
Ввод 1 координаты 2 поля
Ввод 2 координаты 2 поля
Координаты  первого поля:(2;2)
Координаты  второго поля:(4;2)
Цвета полей 1 и 2 совпадают
Ладья на поле 1 угрожает полю 2 и может попасть на него одним ходом 
Завершение работы программы

Начало работы программы
Ввод 1 координаты 1 поля
Ввод 2 координаты 1 поля
Ввод номера фигуры
Фигура на первом поле: Слон
Ввод 1 координаты 2 поля
Ввод 2 координаты 2 поля
Координаты  первого поля:(2;7)
Координаты  второго поля:(4;7)
Цвета полей 1 и 2 совпадают
Слон на поле 1 не угрожает полю 2
Слон может попасть на поле 2 через поле с координатами:3, 8
Завершение работы программы

Начало работы программы
Ввод 1 координаты 1 поля
Ввод 2 координаты 1 поля
Ввод номера фигуры
Фигура на первом поле: Конь
Ввод 1 координаты 2 поля
Ввод 2 координаты 2 поля
Координаты  первого поля:(5;5)
Координаты  второго поля:(3;4)
Цвета полей 1 и 2 совпадают
Конь на поле 1 угрожает полю 2 и может попасть на него одним ходом 
Завершение работы программы